C:\Projects\UFO\WebApplication1\WebApplication1\app\app.component.js
C:\Projects\UFO\WebApplication1\WebApplication1\app\app.component.js.map
C:\Projects\UFO\WebApplication1\WebApplication1\app\home\home.component.js
C:\Projects\UFO\WebApplication1\WebApplication1\app\home\home.component.js.map
C:\Projects\UFO\WebApplication1\WebApplication1\app\forms\createCustomer.Component.js
C:\Projects\UFO\WebApplication1\WebApplication1\app\forms\createCustomer.Component.js.map
C:\Projects\UFO\WebApplication1\WebApplication1\app\forms\searchCustomer.Component.js
C:\Projects\UFO\WebApplication1\WebApplication1\app\forms\searchCustomer.Component.js.map
C:\Projects\UFO\WebApplication1\WebApplication1\app\app.module.js
C:\Projects\UFO\WebApplication1\WebApplication1\app\app.module.js.map
C:\Projects\UFO\WebApplication1\WebApplication1\app\CustomerInfo.js
C:\Projects\UFO\WebApplication1\WebApplication1\app\CustomerInfo.js.map
C:\Projects\UFO\WebApplication1\WebApplication1\app\main.js
C:\Projects\UFO\WebApplication1\WebApplication1\app\main.js.map
C:\Projects\UFO\WebApplication1\WebApplication1\app\app.component.js
C:\Projects\UFO\WebApplication1\WebApplication1\app\app.component.js.map
C:\Projects\UFO\WebApplication1\WebApplication1\app\home\home.component.js
C:\Projects\UFO\WebApplication1\WebApplication1\app\home\home.component.js.map
C:\Projects\UFO\WebApplication1\WebApplication1\app\forms\createCustomer.Component.js
C:\Projects\UFO\WebApplication1\WebApplication1\app\forms\createCustomer.Component.js.map
C:\Projects\UFO\WebApplication1\WebApplication1\app\forms\searchCustomer.Component.js
C:\Projects\UFO\WebApplication1\WebApplication1\app\forms\searchCustomer.Component.js.map
C:\Projects\UFO\WebApplication1\WebApplication1\app\app.module.js
C:\Projects\UFO\WebApplication1\WebApplication1\app\app.module.js.map
C:\Projects\UFO\WebApplication1\WebApplication1\app\CustomerInfo.js
C:\Projects\UFO\WebApplication1\WebApplication1\app\CustomerInfo.js.map
C:\Projects\UFO\WebApplication1\WebApplication1\app\main.js
C:\Projects\UFO\WebApplication1\WebApplication1\app\main.js.map
